<?xml version="1.0" encoding="UTF-8"?>
<!-- Generated by org.testng.reporters.JUnitXMLReporter -->
<testsuite hostname="DmitryFRAMEWORK" name="Default test" tests="4" failures="0" timestamp="18 Mar 2017 02:00:42 GMT" time="0.081" errors="0">
  <testcase name="f1" time="0.014" classname="core.NewGenerationTest"/>
  <testcase name="f2" time="0.001" classname="core.NewGenerationTest"/>
  <testcase name="f3" time="0.001" classname="core.NewGenerationTest"/>
  <testcase name="f4" time="0.004" classname="core.NewGenerationTest"/>
</testsuite> <!-- Default test -->
