<?xml version="1.0" encoding="UTF-8"?>
<!-- Generated by org.testng.reporters.JUnitXMLReporter -->
<testsuite hostname="DmitryFRAMEWORK" name="Test" tests="4" failures="0" timestamp="26 Dec 2016 23:16:00 GMT" time="0.062" errors="0">
  <testcase name="f1" time="0.021" classname="core.NewGenerationTest"/>
  <testcase name="f2" time="0.004" classname="core.NewGenerationTest"/>
  <testcase name="f3" time="0.002" classname="core.NewGenerationTest"/>
  <testcase name="f4" time="0.002" classname="core.NewGenerationTest"/>
</testsuite> <!-- Test -->
