<?xml version="1.0" encoding="UTF-8"?>
<testng-results skipped="0" failed="0" ignored="0" total="1" passed="1">
  <reporter-output>
  </reporter-output>
  <suite name="Default suite" duration-ms="60" started-at="2016-12-17T04:24:18Z" finished-at="2016-12-17T04:24:18Z">
    <groups>
    </groups>
    <test name="Default test" duration-ms="60" started-at="2016-12-17T04:24:18Z" finished-at="2016-12-17T04:24:18Z">
      <class name="core.NewGenerationTest">
        <test-method status="PASS" signature="f()[pri:0, instance:core.NewGenerationTest@553f17c]" name="f" duration-ms="13" started-at="2016-12-16T20:24:18Z" finished-at="2016-12-16T20:24:18Z">
          <reporter-output>
          </reporter-output>
        </test-method> <!-- f -->
      </class> <!-- core.NewGenerationTest -->
    </test> <!-- Default test -->
  </suite> <!-- Default suite -->
</testng-results>
