<?xml version="1.0" encoding="UTF-8"?>
<testng-results skipped="0" failed="0" total="4" passed="4">
  <reporter-output>
  </reporter-output>
  <suite name="Default suite" duration-ms="81" started-at="2017-03-18T02:00:42Z" finished-at="2017-03-18T02:00:42Z">
    <groups>
    </groups>
    <test name="Default test" duration-ms="81" started-at="2017-03-18T02:00:42Z" finished-at="2017-03-18T02:00:42Z">
      <class name="core.NewGenerationTest">
        <test-method status="PASS" signature="f1()[pri:0, instance:core.NewGenerationTest@73ad2d6]" name="f1" duration-ms="14" started-at="2017-03-17T19:00:42Z" finished-at="2017-03-17T19:00:42Z">
          <reporter-output>
          </reporter-output>
        </test-method> <!-- f1 -->
        <test-method status="PASS" signature="f2()[pri:0, instance:core.NewGenerationTest@73ad2d6]" name="f2" duration-ms="1" started-at="2017-03-17T19:00:42Z" finished-at="2017-03-17T19:00:42Z">
          <reporter-output>
          </reporter-output>
        </test-method> <!-- f2 -->
        <test-method status="PASS" signature="f3()[pri:0, instance:core.NewGenerationTest@73ad2d6]" name="f3" duration-ms="1" started-at="2017-03-17T19:00:42Z" finished-at="2017-03-17T19:00:42Z">
          <reporter-output>
          </reporter-output>
        </test-method> <!-- f3 -->
        <test-method status="PASS" signature="f4()[pri:0, instance:core.NewGenerationTest@73ad2d6]" name="f4" duration-ms="4" started-at="2017-03-17T19:00:42Z" finished-at="2017-03-17T19:00:42Z">
          <reporter-output>
          </reporter-output>
        </test-method> <!-- f4 -->
      </class> <!-- core.NewGenerationTest -->
    </test> <!-- Default test -->
  </suite> <!-- Default suite -->
</testng-results>
